<?xml version="1.0" encoding="UTF-8"?>
<!-- Generated by org.testng.reporters.JUnitReportReporter -->
<testsuite hostname="AAD-W17Q1DRL3" failures="0" tests="3" name="com.informatica.tests.OrgLevelPoliciesTest" time="3.659" errors="0" timestamp="15 Dec 2022 18:09:35 GMT" skipped="0">
  <testcase classname="com.informatica.tests.OrgLevelPoliciesTest" name="validateOrgRateLimitUI" time="0.114"/>
  <testcase classname="com.informatica.tests.OrgLevelPoliciesTest" name="deleteDefaultOrgRateLimitTier" time="3.445"/>
  <testcase classname="com.informatica.tests.OrgLevelPoliciesTest" name="validateIpFilterPoliciesRetained" time="0.100"/>
</testsuite> <!-- com.informatica.tests.OrgLevelPoliciesTest -->
