<?xml version="1.0" encoding="UTF-8"?>
<!-- Generated by org.testng.reporters.JUnitReportReporter -->
<testsuite hostname="AAD-W17Q1DRL3" failures="0" tests="3" name="com.informatica.tests.ApimAnalyticsTest" time="93.279" errors="0" timestamp="15 Dec 2022 18:09:35 GMT" skipped="0">
  <testcase classname="com.informatica.tests.ApimAnalyticsTest" name="validateAnalyticsOverViewTab" time="11.290"/>
  <testcase classname="com.informatica.tests.ApimAnalyticsTest" name="validateAnalyticsActivityLogTab" time="0.503"/>
  <testcase classname="com.informatica.tests.ApimAnalyticsTest" name="validateAnalyticsEventsLogTab" time="81.486"/>
</testsuite> <!-- com.informatica.tests.ApimAnalyticsTest -->
