<?xml version="1.0" encoding="UTF-8"?>
<!-- Generated by org.testng.reporters.JUnitReportReporter -->
<testsuite hostname="AAD-W17Q1DRL3" failures="0" tests="2" name="com.informatica.tests.LoginTest" time="5.477" errors="0" timestamp="15 Dec 2022 18:09:35 GMT" skipped="0">
  <testcase classname="com.informatica.tests.LoginTest" name="validateIICSLogin" time="2.237"/>
  <testcase classname="com.informatica.tests.LoginTest" name="valdiateAPIMChiklet" time="3.240"/>
</testsuite> <!-- com.informatica.tests.LoginTest -->
