<?xml version="1.0" encoding="UTF-8"?>
<!-- Generated by org.testng.reporters.JUnitReportReporter -->
<testsuite hostname="AAD-W17Q1DRL3" failures="0" tests="1" name="com.informatica.tests.ClientSdkTest" time="8.258" errors="0" timestamp="15 Dec 2022 18:09:35 GMT" skipped="0">
  <testcase classname="com.informatica.tests.ClientSdkTest" name="verifyClientSdkItemsAndDownload" time="8.258"/>
</testsuite> <!-- com.informatica.tests.ClientSdkTest -->
